[0m[ INFO] [1534466522.902325168]: rviz version 1.12.16[0m
[0m[ INFO] [1534466522.902392443]: compiled against Qt version 5.5.1[0m
[0m[ INFO] [1534466522.902405477]: compiled against OGRE version 1.9.0 (Ghadamon)[0m
[0m[ INFO] [1534466525.140973709, 242.061000000]: Stereo is NOT SUPPORTED[0m
[0m[ INFO] [1534466525.141212899, 242.061000000]: OpenGl version: 4.6 (GLSL 4.6).[0m
[0m[ INFO] [1534466527.367533263, 243.807000000]: Creating 1 swatches[0m
[0m[ INFO] [1534466627.081161219, 322.618000000]: Creating 1 swatches[0m
[0m[ INFO] [1534466628.309145433, 323.595000000]: Creating 1 swatches[0m
[0m[ INFO] [1534466629.798393026, 324.804000000]: Creating 1 swatches[0m
[0m[ INFO] [1534466631.028440461, 325.808000000]: Creating 1 swatches[0m
[0m[ INFO] [1534466632.307529622, 326.888000000]: Creating 1 swatches[0m
[0m[ INFO] [1534466633.714049044, 328.018000000]: Creating 1 swatches[0m
[0m[ INFO] [1534466639.185710445, 332.527000000]: Creating 1 swatches[0m
[0m[ INFO] [1534466640.634071800, 333.668000000]: Creating 1 swatches[0m
[0m[ INFO] [1534466647.854408296, 339.381000000]: Creating 1 swatches[0m
[0m[ INFO] [1534466657.420084797, 347.027000000]: Creating 1 swatches[0m
[0m[ INFO] [1534466666.638030313, 354.620000000]: Creating 1 swatches[0m
[0m[ INFO] [1534466674.637674968, 361.229000000]: Creating 1 swatches[0m
[0m[ INFO] [1534466716.963081360, 395.115000000]: Creating 1 swatches[0m
[0m[ INFO] [1534466722.175611474, 399.286000000]: Creating 1 swatches[0m
[0m[ INFO] [1534466723.623185207, 400.459000000]: Creating 1 swatches[0m
[0m[ INFO] [1534466727.592065668, 403.521000000]: Creating 1 swatches[0m
[0m[ INFO] [1534466733.565521968, 407.913000000]: Creating 1 swatches[0m
[0m[ INFO] [1534466741.321537604, 413.675000000]: Creating 1 swatches[0m
[0m[ INFO] [1534466758.995734116, 426.800000000]: Creating 1 swatches[0m
[0m[ INFO] [1534466761.958550694, 428.973000000]: Creating 1 swatches[0m
[0m[ INFO] [1534466763.579730542, 430.174000000]: Creating 1 swatches[0m
[0m[ INFO] [1534466776.829709450, 440.030000000]: Creating 1 swatches[0m
[0m[ INFO] [1534466803.525853382, 459.940000000]: Creating 1 swatches[0m
[0m[ INFO] [1534466806.018454986, 462.027000000]: Creating 1 swatches[0m
[0m[ INFO] [1534466897.729019651, 536.526000000]: Creating 1 swatches[0m
[0m[ INFO] [1534466903.097446644, 540.715000000]: Creating 1 swatches[0m
[0m[ INFO] [1534466905.985288075, 542.998000000]: Creating 1 swatches[0m
[0m[ INFO] [1534466910.348284247, 546.385000000]: Creating 1 swatches[0m
[0m[ INFO] [1534466926.350160812, 558.406000000]: Creating 1 swatches[0m
[0m[ INFO] [1534466927.643211503, 559.337000000]: Creating 1 swatches[0m
[0m[ INFO] [1534466937.816625706, 566.738000000]: Creating 1 swatches[0m
[0m[ INFO] [1534466965.481335133, 587.047000000]: Creating 1 swatches[0m
[0m[ INFO] [1534466993.320275920, 608.340000000]: Creating 1 swatches[0m
[0m[ INFO] [1534466995.485601964, 609.888000000]: Creating 1 swatches[0m
[0m[ INFO] [1534467012.416480218, 622.915000000]: Creating 1 swatches[0m
[0m[ INFO] [1534467029.727759617, 636.703000000]: Creating 1 swatches[0m
